0 info it worked if it ends with ok
1 verbose cli [ '/home/action/.node/bin/node',
1 verbose cli   '/home/action/.node/bin/npm',
1 verbose cli   'publish' ]
2 info using npm@3.10.3
3 info using node@v6.5.0
4 verbose publish [ '.' ]
5 silly cache add args [ '.', null ]
6 verbose cache add spec .
7 silly cache add parsed spec Result {
7 silly cache add   raw: '.',
7 silly cache add   scope: null,
7 silly cache add   escapedName: null,
7 silly cache add   name: null,
7 silly cache add   rawSpec: '.',
7 silly cache add   spec: '/home/action/src/my-stuff/node_packages/ng2-modules/ng2-font-awesome',
7 silly cache add   type: 'directory' }
8 verbose addLocalDirectory /home/action/.npm/ng2-font-awesome/1.0.2/package.tgz not in flight; packing
9 verbose correctMkdir /home/action/.npm correctMkdir not in flight; initializing
10 info lifecycle ng2-font-awesome@1.0.2~prepublish: ng2-font-awesome@1.0.2
11 silly lifecycle ng2-font-awesome@1.0.2~prepublish: no script for prepublish, continuing
12 verbose tar pack [ '/home/action/.npm/ng2-font-awesome/1.0.2/package.tgz',
12 verbose tar pack   '/home/action/src/my-stuff/node_packages/ng2-modules/ng2-font-awesome' ]
13 verbose tarball /home/action/.npm/ng2-font-awesome/1.0.2/package.tgz
14 verbose folder /home/action/src/my-stuff/node_packages/ng2-modules/ng2-font-awesome
15 verbose addLocalTarball adding from inside cache /home/action/.npm/ng2-font-awesome/1.0.2/package.tgz
16 verbose correctMkdir /home/action/.npm correctMkdir not in flight; initializing
17 silly cache afterAdd ng2-font-awesome@1.0.2
18 verbose afterAdd /home/action/.npm/ng2-font-awesome/1.0.2/package/package.json not in flight; writing
19 verbose correctMkdir /home/action/.npm correctMkdir not in flight; initializing
20 verbose afterAdd /home/action/.npm/ng2-font-awesome/1.0.2/package/package.json written
21 silly publish { name: 'ng2-font-awesome',
21 silly publish   version: '1.0.2',
21 silly publish   description: 'a font-awesome span component',
21 silly publish   main: 'dist/ng2-font-awesome.js',
21 silly publish   module: 'dist/ng2-font-awesome.js',
21 silly publish   typings: 'dist/ng2-font-awesome.d.ts',
21 silly publish   scripts: { test: 'echo "Error: no test specified" && exit 1' },
21 silly publish   repository:
21 silly publish    { type: 'git',
21 silly publish      url: 'git+https://github.com/gforceg/ng2-font-awesome.git' },
21 silly publish   author: { name: 'Greg Hedin' },
21 silly publish   license: 'MIT',
21 silly publish   bugs: { url: 'https://github.com/gforceg/ng2-font-awesome/issues' },
21 silly publish   homepage: 'https://github.com/gforceg/ng2-font-awesome#readme',
21 silly publish   dependencies:
21 silly publish    { '@angular/common': '^2.0.0',
21 silly publish      '@angular/core': '^2.0.0',
21 silly publish      'es6-shim': '^0.35.1',
21 silly publish      rxjs: '^5.0.0-beta.12',
21 silly publish      'zone.js': '^0.6.23' },
21 silly publish   readme: '# ng2-font-awesome\n\na reusable font-awesome span\n\n## usage\n\nthe following usages all will do fine:\n\n```html\n<font-awesome [faIcon]="\'fa fa-cubes\'"></font-awesome>\n<font-awesome [faIcon]="\'fa-cubes\'"></font-awesome>\n<font-awesome [faIcon]="\'cubes\'"></font-awesome>\n```\n\noutput:\n\n![alt text](https://github.com/gforceg/ng2-font-awesome/raw/master/screen-shot.png)\n\n',
21 silly publish   readmeFilename: 'README.md',
21 silly publish   gitHead: '79ab376383035c4722e000a5a3cc44e1bab741f5',
21 silly publish   _id: 'ng2-font-awesome@1.0.2',
21 silly publish   _shasum: 'b031215f44a09d2cc80d1a7e7e0beff4498a34f6',
21 silly publish   _from: '.' }
22 verbose getPublishConfig undefined
23 silly mapToRegistry name ng2-font-awesome
24 silly mapToRegistry using default registry
25 silly mapToRegistry registry https://registry.npmjs.org/
26 silly mapToRegistry data Result {
26 silly mapToRegistry   raw: 'ng2-font-awesome',
26 silly mapToRegistry   scope: null,
26 silly mapToRegistry   escapedName: 'ng2-font-awesome',
26 silly mapToRegistry   name: 'ng2-font-awesome',
26 silly mapToRegistry   rawSpec: '',
26 silly mapToRegistry   spec: 'latest',
26 silly mapToRegistry   type: 'tag' }
27 silly mapToRegistry uri https://registry.npmjs.org/ng2-font-awesome
28 verbose publish registryBase https://registry.npmjs.org/
29 silly publish uploading /home/action/.npm/ng2-font-awesome/1.0.2/package.tgz
30 verbose request uri https://registry.npmjs.org/ng2-font-awesome
31 verbose request sending authorization for write operation
32 info attempt registry request try #1 at 12:26:01 PM
33 verbose request using bearer token for auth
34 verbose request id f364e5a3e972c3a6
35 http request PUT https://registry.npmjs.org/ng2-font-awesome
36 http 403 https://registry.npmjs.org/ng2-font-awesome
37 verbose headers { 'content-type': 'application/json',
37 verbose headers   'cache-control': 'max-age=300',
37 verbose headers   'content-length': '95',
37 verbose headers   'accept-ranges': 'bytes',
37 verbose headers   date: 'Thu, 22 Sep 2016 18:26:02 GMT',
37 verbose headers   via: '1.1 varnish',
37 verbose headers   connection: 'keep-alive',
37 verbose headers   'x-served-by': 'cache-dfw1831-DFW',
37 verbose headers   'x-cache': 'MISS',
37 verbose headers   'x-cache-hits': '0',
37 verbose headers   'x-timer': 'S1474568761.832437,VS0,VE1056',
37 verbose headers   vary: 'Accept-Encoding' }
38 verbose request invalidating /home/action/.npm/registry.npmjs.org/ng2-font-awesome on PUT
39 error publish Failed PUT 403
40 verbose stack Error: "You cannot publish over the previously published version 1.0.2." : ng2-font-awesome
40 verbose stack     at makeError (/home/action/.node/lib/node_modules/npm/node_modules/npm-registry-client/lib/request.js:264:12)
40 verbose stack     at CachingRegistryClient.<anonymous> (/home/action/.node/lib/node_modules/npm/node_modules/npm-registry-client/lib/request.js:252:14)
40 verbose stack     at Request._callback (/home/action/.node/lib/node_modules/npm/node_modules/npm-registry-client/lib/request.js:172:14)
40 verbose stack     at Request.self.callback (/home/action/.node/lib/node_modules/npm/node_modules/request/request.js:200:22)
40 verbose stack     at emitTwo (events.js:106:13)
40 verbose stack     at Request.emit (events.js:191:7)
40 verbose stack     at Request.<anonymous> (/home/action/.node/lib/node_modules/npm/node_modules/request/request.js:1067:10)
40 verbose stack     at emitOne (events.js:101:20)
40 verbose stack     at Request.emit (events.js:188:7)
40 verbose stack     at IncomingMessage.<anonymous> (/home/action/.node/lib/node_modules/npm/node_modules/request/request.js:988:12)
41 verbose statusCode 403
42 verbose pkgid ng2-font-awesome
43 verbose cwd /home/action/src/my-stuff/node_packages/ng2-modules/ng2-font-awesome
44 error Linux 4.7.3-200.fc24.x86_64+debug
45 error argv "/home/action/.node/bin/node" "/home/action/.node/bin/npm" "publish"
46 error node v6.5.0
47 error npm  v3.10.3
48 error code E403
49 error "You cannot publish over the previously published version 1.0.2." : ng2-font-awesome
50 error If you need help, you may report this error at:
50 error     <https://github.com/npm/npm/issues>
51 verbose exit [ 1, true ]
